# LR-U Nico's version
# Some wavelengths have been extrated from:
# http://iraf.noao.edu/specatlas/thar_photron/thar_photron.html
# but they were refined using:
# http://physics.nist.gov/PhysRefData/ASD/lines_form.html
#------------------------------------------------------------------------------
#Column #1: wavelength
#Column #2: flag (1: bright enough subsample; 0: faint subsample)
#Column #3: relative intensity (NIST)
#Column #4: comment (after '#' symbol)
#------------------------------------------------------------------------------
#uuid: 2881A2B6-BF6D-4DAD-B74B-A6CCDAF62CB3
3612.4273  0  16000 # ThI from NIST
3718.2061  0     93 # ArII from NIST
3719.4345  0  13000 # ThI from NIST
3729.3082  1    234 # ArII from NIST
3737.8889  1    126 # ArII from NIST
3741.1829  0  14000 # ThII from NIST
3742.9233  0   7400 # ThI from NIST
3753.5172  0     26 # ArII from NIST
3765.2697  1    186 # ArII from NIST
3766.1182  0     91 # ArII from NIST
3770.5194  0     33 # ArII from NIST
3771.3706  0   7200 # ThI from NIST
3780.8394  1     81 # ArII from NIST
3789.1677  0   8200 # ThI from NIST
3799.3811  0     12 # ArII from NIST
3803.0749  1  24000 # ThI from NIST
3809.4558  1     91 # ArII from NIST
3825.6723  1     19 # ArII from NIST
3826.8067  1     30 # ArII from NIST
3828.3845  1  14000 # ThI from NIST
3830.7735  1   3500 # ThI from NIST
3834.679   1      7 # ArI from NIST
3836.5850  0   5200 # ThI from NIST
3837.8751  0   8600 # ThI from NIST
3839.6950  1  16000 # ThI from NIST
3845.4049  1     32 # ThI from NISI
3850.5808  1    263 # ArII from NIST
3852.1351  0   3500 # ThI from NIST
3868.5281  1    166 # ArII from NIST
3872.1361  0     11 # ArII from NIST
3873.8222  0  12000 # ThI from NIST
3874.8618  0  10000 # ThI from NIST
3875.2641  0     78 # ArII from NIST
3886.9158  0   5600 # ThI from NIST
3891.9787  0     50 # ArII from NIST
3895.4190  0   7000 # ThI from NIST
3898.4373  0   1900 # ThI from NIST
3900.6251  0      8 # ArII from NIST
3903.1022  0   3000 # ThI from NIST
3911.9088  0   2100 # ThI from NIST
3914.7674  0     25 # ArII from NIST
3916.4173  0   4200 # ThI from NIST
3919.0232  0   4600 # ThI from NIST
3923.7994  0   2500 # ThI from NIST
3925.7186  1    129 # ArII from NIST
3928.6227  1    191 # ArII from NIST
3929.6691  0   9100 # ThII from NIST
3931.2565  0    340 # ThII from NIST
3932.5463  1     91 # ArII from NIST
3944.2712  0     49 # ArII from NIST
3946.1453  1   1700 # ThI from NIST
#3948.0303  0  15000 # ThI from NIST (blended)
3948.9638  1   1000 # ThII from NIST
3950.3951  1  42000 # ThI from NIST
3952.7280  0     16 # ArII from NIST
3956.6906  0   2100 # ThII from NIST
3959.2216  0    120 # ThII from NIST
3967.3920  1   6300 # ThI from NIST
3968.3589  1     59 # ArII from NIST
3972.1545  0      0 # Th (from Photron)
3973.1957  0   2900 # ThI from NIST
3974.4764  1     50 # ArII from NIST
3979.3554  1     87 # ArII from NIST
3988.0271  0    550 # ThII from NIST
3990.4919  0   1900 # ThI from NIST
3992.0531  0     21 # ArII from NIST
3994.7916  1     58 # ArII from NIST
4005.3620  0     10 # ArII from NIST
4012.4950  1   9500 # ThI from NIST
4013.8561  1    145 # ArII from NIST
4019.1288  1  20000 # ThII from NIST
4022.0959  0   1000 # ThII from NIST
4024.8023  0   1900 # ThI from NIST
4027.0090  0   4300 # ThI from NIST
4030.8423  1  15000 # ThI from NIST
4032.5950  0   2300 # ThI from NIST
4033.8090  1     95 # ArII from NIST
4036.0477  1  24000 # ThI from NIST
4038.8039  0     18 # ArII from NIST
#...
4042.8934  1    280 # ArII from NIST
4044.4180  1     50 # ArI from NIST
4045.8180  0    160 # ThI from NIST
4049.9446  0   1800 # ThI from NIST
4050.8871  0   2400 # ThI from NIST
4052.9206  1    178 # ArII from NIST
4054.5260  0      0 # ArI from NIST
4059.2528  0   4000 # ThI from NIST
4063.4071  0   4300 # ThI from NIST
4067.4507  0   2300 # ThI from NIST
4069.2013  0   3400 # ThII from NIST
4072.0043  1    708 # ArII from NIST
4075.5029  0   3200 # ThI from NIST
4076.6282  0     85 # ArII from NIST
4079.5734  0    100 # ArII from NIST
4080.6359  1     85 # ArII from NIST
4082.3868  0     76 # ArII from NIST
4085.0420  0   3000 # ThII from NIST
4086.5204  0   7500 # ThII from NIST
4088.8914  0      7 # ArIII from NIST
4094.7469  0   6100 # ThII from NIST
4097.7472  0   5700 # ThI from NIST
4100.3412  0  15000 # ThI from NIST
4103.9118  1    447 # ArII from NIST
4108.4198  0   4800 # ThII from NIST
4110.8259  0   1900 # ThI from NIST
4112.7543  0  18000 # ThI from NIST
4116.7136  0   4500 # ThII from NIST
4128.6399  0     18 # ArII from NIST
4131.7232  1    891 # ArII from NIST
4134.0679  0   4100 # ThI from NIST
4142.7009  0   3500 # ThII from NIST
4156.0854  0     60 # ArII from NIST
4158.5900  1    400 # ArI from NIST
4164.1800  1     50 # ArI from NIST
4165.7661  0   5500 # ThI from NIST
4170.5331  0   7300 # ThI from NIST
4179.2972  0     50 # ArII from NIST
4181.8840  1     50 # ArI from NIST
4190.8183  1      0 # ArI from NIST, weighted mean of 4190.713 and 4191.029
4198.3170  1    200 # ArI from NIST
4200.6740  1    400 # ArI from NIST
4201.8466  0    610 # ThII form NIST
4203.4387  0     43 # ThI from NIST
4208.8906  0   3200 # ThII from NIST
4210.9230  0  16000 # ThI from NIST
4213.0672  0   2100 # ThI from NIST
4214.8283  0   1800 # ThI from NIST
4217.4306  0     27 # ArII from NIST
4218.6648  0     59 # ArII from NIST
4222.6369  0     76 # ArII from NIST
4226.9874  0     89 # ArII from NIST
4228.1577  1    331 # ArII from NIST
4229.8688  0     26 # ArII from NIST
4235.4634  0  12000 # ThI from NIST
4237.2195  1    269 # ArII from NIST
4250.3145  0  13000 # ThI from NIST
4251.1850  0     25 # ArI from NIST
4257.4961  0  11000 # ThI from NIST
4259.3620  1    200 # ArI from NIST
4266.2860  1    100 # ArI from NIST
4272.1690  1    150 # ArI from NIST
4275.1592  0     35 # ArII from NIST
4277.5279  1   1995 # ArII from NIST
4282.8971  0     68 # ArII from NIST
4297.9632  0     15 # ArII from NIST
4300.1010  1    100 # ArI from NIST
4309.2385  1    120 # ArII from NIST
4312.9980  0   9700 # ThI from NIST
4315.2542  0   4300 # ThI from NIST
4328.9153  0   3400 # ThI from NIST
4331.1992  1    603 # ArII from NIST
4333.561   1    100 # ArI from NIST
4335.338   0     50 # ArI from NIST
4337.0705  0     54 # ArII from NIST
4342.4442  0   3800 # ThI from NIST
4345.168   0     25 # ArI from NIST
4348.0635  1   1995 # ArII from NIST
4352.2047  0    200 # ArII from NIST
4362.0660  0     78 # ArII from NIST
4367.8314  0    129 # ArII from NIST
4370.7529  1    617 # ArII from NIST
4374.1238  0  10000 # ThI from NIST
4375.9540  1    209 # ArII from NIST
4378.1768  0   6800 # ThI from NIST
4379.6665  1    550 # ArII from NIST
4381.8601  0   5000 # ThII from NIST
4385.0565  0    117 # ArII from NIST
4391.1105  0   6100 # ThII from NIST
4400.9860  1   8710 # ArII from NIST
4402.9270  0   5200 # ThI from NIST
4408.8828  0  10000 # ThI from NIST
4426.0008  1   1514 # ArII from NIST
4430.1885  1    661 # ArII from NIST
4439.4611  0     95 # ArII from NIST
4445.846   0      5 # ArII from NIST
4448.8791  0    166 # ArII from NIST
4452.5655  0   2900 # ThI from NIST faint
4474.7591  1    348 # ArII from NIST
4481.8104  1    646 # ArII from NIST
