# MR-UB Nico's version
# Some wavelengths have been extrated from:
# http://iraf.noao.edu/specatlas/thar_photron/thar_photron.html
# Final values from:
# http://physics.nist.gov/PhysRefData/ASD/lines_form.html
#------------------------------------------------------------------------------
#Column #1: wavelength
#Column #2: flag (1: bright enough subsample; 0: faint subsample)
#Column #3: relative intensity (NIST)
#Column #4: comment (after '#' symbol)
#------------------------------------------------------------------------------
#uuid: 4846149B-29AA-43B0-8799-F457BBD79A18
4218.6648  0     59 # ArII from NIST
4222.6369  0     76 # ArII from NIST
4226.9874  0     89 # ArII from NIST
4228.1577  0    331 # ArII from NIST
4229.8688  0     26 # ArII from NIST
4235.4634  0  12000 # ThI from NIST
4237.2195  0    269 # ArII from NIST
4250.3145  0  13000 # ThI from NIST
4251.1850  0     25 # ArI from NIST
4257.4961  0  11000 # ThI from NIST
4259.3620  1    200 # ArI from NIST
#4266.2860  1    100 # ArI from NIST
#4266.5265  1    288 # ArII form NIST
4266.4063  1      0 # average of previous two lines
4272.1690  1    150 # ArI from NIST
4275.1592  0     35 # ArII from NIST
4277.5279  1   1995 # ArII from NIST
4282.0413  0   4500 # ThII from NIST
4282.8971  0     68 # ArII from NIST
4288.6688  0   1400 # ThI from NIST
4291.8098  0   1800 # ThI from NIST
4297.9632  0     15 # ArII from NIST
4300.1010  1    100 # ArI from NIST
4300.6493  0     85 # ArII from NIST
4307.1761  0   3800 # ThI from NIST
4309.2385  0    120 # ArII from NIST
4312.9842  0   6100 # ThI from NIST
4315.2542  0   4300 # ThI from NIST
4318.4158  0   1800 # ThII from NIST
4320.1263  0   1400 # ThII from NIST
4328.9153  0   3400 # ThI from NIST
4329.4385  0      8 # ArII from NIST
4331.1992  1    603 # ArII from NIST
4332.0295  0    162 # ArII from NIST
4333.5610  1    100 # ArI from NIST
4335.3380  1     50 # ArI from NIST
#4337.0705  0     54 # ArII form NIST
#4337.2773  0   5700 # ThI from NIST
4337.1739  0      0 # average of previous two lines
#4338.1077  0   1100 # ThI from NIST
#4338.2312  0      6 # ArII from NIST
4338.1695  0      0 # average of previous two lines
4340.8953  0   1500 # ThI from NIST
4342.4442  0   3800 # ThI from NIST
4345.1680  0     25 # ArI from NIST
4345.8514  0    590 # ThI from NIST
4348.0635  1   1995 # ArII from NIST
4349.0721  0   2700 # ThI from NIST
4352.2047  0    200 # ArII from NIST
4353.4485  0   2700 # ThI from NIST
4358.3200  0   1200 # ThI from NIST
4359.3719  0   1500 # ThI from NIST
4362.0660  0     78 # ArII from NIST
4363.7950  0      0 # ArI from NIST
4365.9300  0   3800 # ThI from NIST
4367.8314  1    129 # ArII from NIST
4369.8757  0   2300 # ThI from NIST
4370.7529  1    617 # ArII from NIST
4371.3285  0    355 # ArII from NIST
4374.1238  0  10000 # ThI from NIST
4374.8574  0     30 # ArII from NIST
4375.9540  1    209 # ArII from NIST
4378.1768  0   6800 # ThI from NIST
4379.6665  1    550 # ArII from NIST
4381.8601  0   5000 # ThII from NIST
4382.9300  0      5 # ArII from NIST
4383.7545  0     14 # ArII from NIST
4385.0565  1    117 # ArII from NIST
4386.9656  0      5 # ArII from NIST
4391.1105  0   6100 # ThII from NIST
4392.9740  0   1800 # ThI from NIST
#4397.7980  0      5 # ArII from NIST
#4397.9149  0    620 # ThI from NIST
4397.8565  0      0 # average of two previous lines
4400.0964  0    257 # ArII from NIST
4400.9860  1   8710 # ArII from NIST
4402.9270  0   5200 # ThI from NIST
4404.9019  0     18 # ArII from NIST
4406.4696  0     10 # ArII from NIST
4408.8828  0  10000 # ThI from NIST
4412.7392  0   1300 # ThII from NIST
4414.4863  0   2100 # ThI from NIST
4420.9118  0     47 # ArII from NIST
4426.0008  1   1514 # ArII from NIST
4430.1885  1    661 # ArII from NIST
4430.9959  1    251 # ArII from NIST
4432.9628  0   1700 # ThII from NIST
4433.8377  1    120 # ArII from NIST
4439.4611  1     95 # ArII from NIST
4445.9011  0   3100 # ThI from NIST
4448.8791  1    166 # ArII from NIST
4452.5655  1   2900 # ThI from NIST
4458.0015  0   4000 # ThI from NIST
4458.8850  0      1 # ArII from NIST
4460.5558  0     35 # ArII from NIST
4463.6660  0    590 # ThI from NIST
4469.5253  0   1500 # ThI from NIST
4474.7591  1    347 # ArII from NIST
4478.5957  0    660 # ThI from NIST
4480.8290  0    750 # ThI from NIST
4481.8104  1    646 # ArI from NIST
4483.3468  0   1500 # ThI from NIST
4486.8972  0   3700 # ThI from NIST
4488.6809  0    970 # ThII from NIST
4489.6646  0   1300 # ThI from NIST
4490.9813  0     48 # ArII from NIST
4493.3337  1  28000 # ThI from NIST
4498.5374  0     25 # ArII from NIST
4498.9401  0   3100 # ThI from NIST
4499.9832  0   2400 # ThI from NIST
4502.9265  0     42 # ArII from NIST
4505.2167  0   1400 # ThI from NIST
4506.4730  0    890 # ThI from NIST
4510.7330  1    100 # ArI from NIST
4515.1182  0   5400 # ThI from NIST
4519.2592  0   1200 # ThI from NIST
4521.1938  0   3200 # ThI from NIST
4522.3230  0     20 # ArI from NIST
4530.5522  0     62 # ArII from NIST
4533.0769  0    800 # ThI from NIST
#4535.2547  0   2000 # ThI from NIST
#4535.4905  0     21 # ArII from NIST
4535.3726  0      0 # mean of previous two lines
4537.6409  0     13 # ArII from NIST
4540.9990  0   2300 # ThI from NIST
4543.8702  0     10 # ArII from NIST
4545.0516  1   1738 # ArII from NIST
4545.9156  0   2900 # ThI from NIST
4547.7582  0     20 # ArII from NIST
4552.1535  0    810 # ThI from NIST
4555.8126  0   3100 # ThI from NIST
4561.3477  0     20 # ArII from NIST
4563.7423  0     37 # ArII from NIST
4567.2402  0   2000 # ThI from NIST
4570.9722  0   3400 # ThI from NIST
4579.3493  1    871 # ArII from NIST
4589.8976  1  25704 # ArII from NIST
4595.4207  0   8700 # ThI from NIST
4596.0970  0     15 # ArI from NIST
4598.7625  0    182 # ArII from NIST
4609.5669  1   2291 # ArII from NIST
4628.4410  0      7 # ArI from NIST (faint)
