# MR-G Nico's version
# http://physics.nist.gov/PhysRefData/ASD/lines_form.html
#------------------------------------------------------------------------------
#Column #1: wavelength
#Column #2: flag (1: bright enough subsample; 0: faint subsample)
#Column #3: relative intensity (NIST)
#Column #4: comment (after '#' symbol)
#------------------------------------------------------------------------------
#uuid: 3A914AEC-495B-483B-8F94-F17D5E856042
4945.4585  0.0   6600 # ThI from NIST
4956.7500  0.0      0 # ArI from NIST
4965.0794  1.0    891 # ArII from NIST
4972.1599  0.0    100 # ArII from NIST
4982.4875  0.0   1600 # ThI from NIST
4985.3724  0.0   3700 # ThI from NIST
4989.3086  0.0   1500 # ThI from NIST
4993.7489  0.0    560 # ThI from NIST
5002.0971  1.0   7800 # ThI from NIST
5009.3342  1.0    355 # ArII from NIST
5017.1626  1.0   7413 # ArII from NIST
5019.8061  0.0   2000 # ThI from NIST
5028.6556  0.0   6100 # ThI from NIST
5029.8917  0.0   1300 # ThI from NIST
5039.2303  0.0   5300 # ThI from NIST
5044.7195  1.0   9700 # ThI from NIST
5047.0435  0.0   2400 # ThI from NIST
5048.8110  0.0      0 # ArI from NIST
5049.7961  0.0   2400 # ThII from NIST
5050.7842  0.0   2600 # ThI from NIST
5051.8886  0.0   1300 # ThI from NIST
5054.1760  0.0      0 # ArI from NIST
5055.3473  0.0    960 # ThII from NIST
#5059.8610  0.0   2200 # ThI from NIST
#5060.0790  0.0      0 # ArI from NIST
5059.9700  0.0      0 # Average of two previous lines
5062.0370  1.0    398 # ArII from NIST
5064.9454  0.0   4700 # ThI from NIST
5067.9738  1.0  15000 # ThI from NIST
5073.0760  0.0      0 # ArI from NIST
5081.4461  0.0    670 # ThI from NIST
5087.0840  0.0      0 # ArI from NIST
5090.4948  1.0     45 # ArII from NIST
5096.4848  0.0   2700 # ThI from NIST
5100.6211  0.0   3500 # ThI from NIST
5111.2782  0.0   1200 # ThI from NIST
5115.0447  1.0   6800 # ThI from NIST
5118.2020  0.0      0 # ArI from NIST
5125.7663  1.0     17 # ArII from NIST
5125.9503  0.0   1400 # ThI from NIST
5134.7459  0.0   2100 # ThI from NIST
5141.7826  1.0    224 # ArII from NIST
5143.2673  0.0    900 # ThII from NIST
5143.9165  0.0   2900 # ThI from NIST
5145.3080  1.0    162 # ArII from NIST
5148.2115  0.0    910 # ThII from NIST
5151.6119  1.0   6000 # ThI from NIST
5152.8606  0.0      0 # ArII from NIST
5154.2430  1.0     20 # ArI from NIST
5158.6042  1.0  16000 # ThI from NIST
5159.6203  0.0    390 # ThI from NIST
5160.6930  0.0    780 # ThI/ThII from NIST
5161.5396  0.0   2200 # ThI from NIST
5162.2850  1.0     15 # ArI from NIST
5163.4584  0.0   3000 # ThI from NIST
5165.7727  0.0     48 # ArII from NIST
5173.6716  0.0    630 # ThI from NIST
5176.2290  0.0     26 # ArII from NIST
5176.9611  0.0   5000 # ThI from NIST
5177.5360  0.0      0 # ArI from NIST
5187.7460  1.0     20 # ArI from NIST
5192.7330  0.0      0 # ArI from NIST
5193.8256  0.0    600 # ThII from NIST
5194.4576  0.0   1900 # ThI from NIST
5195.8136  0.0   5100 # ThI from NIST
5199.1638  1.0   9200 # ThI from NIST
5202.1929  0.0      5 # ArII from NIST
5206.4956  0.0    650 # ThII from NIST
5209.0700  1.0      0 # interpolated with R5-findarc
5211.2303  1.0   6900 # ThI from NIST, too close to previous one
5213.3492  0.0   2500 # ThI from NIST
5214.7740  0.0      0 # ArI from NIST
#5216.5967  0.0    850 # ThII from NIST
#5216.8140  0.0     28 # ArII from NIST
5216.7054  0.0      0 # average of previous two lines
5219.1099  0.0   4400 # ThI from NIST
5221.2710  1.0      7 # ArI from NIST
5231.1596  1.0  15000 # ThI from NIST
5233.2254  0.0    990 # ThII from NIST
5238.8138  0.0   2100 # ThI from NIST
5239.5521  0.0   1800 # ThI from NIST
5240.1967  0.0    640 # ThII from NIST
5241.0930  0.0      0 # ArI from NIST
5245.3778  0.0      7 # ArII from NIST
5247.6546  0.0   1900 # ThI from NIST
5252.7870  0.0      0 # ArI from NIST
5254.4710  0.0      0 # ArI from NIST
5256.5636  0.0      8 # ArII from NIST
5258.3602  1.0   9200 # ThI from NIST
5260.1042  0.0   1500 # ThI from NIST
5264.7819  0.0     17 # ArII from NIST
5266.7102  1.0   4600 # ThI from NIST
#5267.9580  0.0      3 # ArII from NIST
#5268.2460  0.0      3 # ArII from NIST
5268.1020  0.0      0 # average of previous two lines
5269.7610  0.0      4 # ArII from NIST
5272.9268  0.0    710 # ThI from NIST
5274.1187  0.0   1800 # ThI from NIST
5281.0687  0.0   1300 # ThI from NIST
5281.6295  0.0     21 # ArII from NIST
5286.0690  0.0      0 # ArI from NIST
5286.8866  0.0     18 # ArII from NIST
5290.0150  0.0      0 # ArI from NIST
#5296.2786  0.0   1800 # ThI from NIST
#5296.3883  0.0      7 # ArII from NIST
5296.3335  0.0      0 # average of previous two lines
5294.3970  0.0   1300 # ThI from NIST
5297.7430  0.0   2000 # ThI from NIST
5298.2825  0.0   2000 # ThI from NIST
#5300.5234  0.0   1100 # ThI from NIST
#5300.7745  0.0      8 # ArII from NIST
5300.6490  0.0      0 # average of previous two lines
5305.6856  0.0     15 # ArII from NIST
5307.4655  0.0    890 # ThII from NIST
5312.0017  1.0   7300 # ThI from NIST
5312.5288  0.0   3400 # ThI from NIST
5315.2150  0.0      4 # ArII from NIST
5317.4943  0.0   1500 # ThI from NIST
5326.9757  1.0   4400 # ThI from NIST
5329.6992  0.0     10 # ArII from NIST
5331.0417  0.0      3 # ArII from NIST
5343.5812  1.0  11000 # ThI from NIST
5358.3797  1.0     14 # ArII from NIST
5360.1500  1.0   2200 # ThI from NIST
5362.5752  0.0    790 # ThI from NIST
#5369.2817  0.0    900 # ThI from NIST
#5369.4470  0.0    720 # ThI from NIST
5369.3644  0.0      0 # average of previous two lines
5370.7095  0.0    570 # ThI from NIST
5373.4940  0.0      0 # ArI from NIST
5374.8218  0.0   1800 # ThI from NIST
5379.1103  1.0   3300 # ThI from NIST
5382.9274  0.0    590 # ThII from NIST
5384.3012  0.0    270 # ThI from NIST
5386.6105  1.0   4700 # ThI from NIST
5390.4256  1.0   2400 # ThI from NIST
5392.5728  0.0    770 # ThII from NIST
5394.7607  1.0   4100 # ThI from NIST
5397.5164  0.0     35 # ArII from NIST
#5398.7015  0.0   1300 # ThI from NIST
#5398.9221  0.0    940 # ThI from NIST
5398.8118  0.0      0 # average of previous two lines
5402.6051  0.0     15 # ArII from NIST
5407.6535  1.0   4900 # ThI from NIST
5410.7688  1.0   3700 # ThI from NIST
5415.5226  0.0   1600 # ThI from NIST
5417.4858  1.0  12000 # ThI from NIST
5421.3520  1.0      5 # ArI from NIST
5424.0078  0.0   2500 # ThI from NIST
5425.6783  0.0   1200 # ThII from NIST
5431.1118  0.0   3100 # ThI from NIST
5434.1515  0.0   1400 # ThI from NIST
5439.9890  0.0      0 # ArI from NIST
5443.1187  0.0    600 # ThII from NIST
5451.6520  1.0     10 # ArI from NIST
#5452.2187  0.0   3800 # ThI from NIST
5454.2979  0.0     11 # ArII from NIST
#5457.4160  0.0      0 # ArI from NIST
5465.4575  0.0      0 # interpolated with R5-findarc
#5492.6433  1.0   2800 # ThI from NIST
5495.8740  0.0     25 # ArI from NIST
5499.2552  1.0  11000 # ThI from NIST
