#MR-V Nico's version
# Some wavelengths have been extrated from:
# http://iraf.noao.edu/specatlas/thar_photron/thar_photron.html
# The lines were refined using
# http://physics.nist.gov/PhysRefData/ASD/lines_form.html
#------------------------------------------------------------------------------
#Column #1: wavelength
#Column #2: flag (1: bright enough subsample; 0: faint subsample)
#Column #3: relative intensity (NIST)
#Column #4: comment (after '#' symbol)
#------------------------------------------------------------------------------
#uuid: B1B490E3-B219-4189-9916-84F54B2C7ACB
5379.1103  0   3300 # ThI from NIST
5382.9274  0    590 # ThII from NIST
5384.3012  0    270 # ThI from NIST
5386.6105  0   4700 # ThI from NIST
5390.4256  0   2400 # ThI from NIST
5392.5728  0    770 # ThII from NIST
5394.7607  0   4100 # ThI from NIST
5397.5164  0     35 # ArII from NIST
#5398.7015  0   1300 # ThI from NIST
#5398.9221  0    940 # ThI from NIST
5398.8118  0      0 # average of previous two lines
5402.6051  0     15 # ArII from NIST
5407.6535  0   4900 # ThI from NIST
5410.7688  0   3700 # ThI from NIST
5415.5226  0   1600 # ThI from NIST
5417.4858  1  12000 # ThI from NIST
5421.3520  0      5 # ArI from NIST
5424.0078  0   2500 # ThI from NIST
5425.6783  0   1200 # ThII from NIST
5431.1118  0   3100 # ThI from NIST
5434.1515  0   1400 # ThI from NIST
5439.9890  0      0 # ArI from NIST
5443.1187  0    600 # ThII from NIST
5451.6520  1     10 # ArI from NIST
5452.2187  0   3800 # ThI from NIST
5454.2979  0     11 # ArII from NIST
5457.4160  0      0 # ArI from NIST
5464.2053  0   1700 # ThI from NIST
5465.5020  1      0 # interpolated with numina-wavecalib
5467.1600  0      0 # ArI from NIST
5470.7591  0   1400 # ThI from NIST
5471.5300  0      0 # interpolated with numina-wavecalib
5473.4510  0      0 # ArI from NIST
5474.8650  0    500 # ThII from NIST
5492.6433  0   2800 # ThI from NIST
5495.8740  1     25 # ArI from NIST
5498.1838  0      8 # ArII from NIST
5499.2552  1  11000 # ThI from NIST
5504.3020  0   2800 # ThI from NIST
5506.1130  0      5 # ArI from NIST
5507.7620  0      6 # ArII from NIST
5509.9936  0   5400 # ThI from NIST
5514.8730  0   3500 # ThI from NIST
5524.5826  0   1100 # ThI from NIST
5524.9570  0      0 # ArI from NIST
5534.4790  0      0 # ArI from NIST
5539.2618  1  14000 # ThI from NIST
5539.9106  0   1700 # ThI from NIST
5542.8901  0   2400 # ThI from NIST
5545.0509  0      7 # ArII from NIST
5548.1760  0   5100 # ThI from NIST
5552.6229  0    530 # ThI from NIST
5554.0227  0     29 # ArII from NIST
5557.0456  0   4800 # ThI from NIST
5558.3424  0   6600 # ThI from NIST (blended with next one, but fainter)
5558.7020  1     25 # ArI from NIST
#5559.6760  0      0 # ArI from NIST
#5559.8913  0   2200 # ThI from NIST
5559.7837  0      0 # average of previous two lines
5568.0132  0    370 # ThII from NIST
5571.1915  0   4900 # ThI from NIST
5572.5410  1     10 # ArI from NIST
5573.3536  1  10000 # ThI from NIST
5576.2048  0   2200 # ThI from NIST
5577.6857  0      9 # ArII from NIST
5578.5266  0      4 # ArII from NIST
5579.3584  0   4900 # ThI from NIST
5581.8710  0      0 # ArI from NIST
5583.7621  0    620 # ThII from NIST
5587.0264  1  20000 # ThI from NIST
5588.7200  0      0 # ArI from NIST
5593.6121  0    820 # ThI from NIST
5595.0637  0   4900 # ThI from NIST
5595.8463  0    330 # ThI from NIST
5597.4760  0      0 # ArI from NIST
5599.6550  0    590 # ThI from NIST
5601.6032  1   5000 # ThI from NIST
5604.5156  0   1100 # ThI from NIST
5606.7330  1     35 # ArI from NIST
5610.2308  0   2100 # ThI from NIST
5612.0681  0   2400 # ThI from NIST
5615.3195  1   7100 # ThI from NIST
5618.0140  0      0 # ArI from NIST
5620.9210  0      0 # ArI from NIST
5623.7700  0      0 # ArI from NIST
5625.6783  0     10 # ArII from NIST
5631.1570  0      8 # ArII from NIST
5633.2951  0    800 # ThI from NIST
5637.3400  0      0 # ArI from NIST
5639.7463  0   2800 # ThII from NIST
#5641.3760  0      0 # ArI from NIST
#5641.5575  0    480 # ThI from NIST
5641.4668  0      0 # average of previous two lines
5645.5967  0    885 # Average of 5645.5245 and 5645.6689, ThI NIST faint
#5648.6870  0      0 # ArI from NIST
#5648.9909  0   1500 # ThI from NIST
5648.8390  0      0 # average of previous two lines
5650.7040  1     20 # ArI from NIST
5657.9254  0   1900 # ThI from NIST
5659.1270  0      0 # ArI from NIST
5665.1799  0   4300 # ThI from NIST
5667.1279  0   1100 # ThI from NIST
5672.9772  0      6 # ArII from NIST
5674.9862  0    910 # ThI from NIST
5677.0527  0   1900 # ThI from NIST
5681.8990  0      0 # ArI from NIST
5685.1920  0   1100 # ThI from NIST
5689.9000  0      0 # interpolated with numina-wavecalib
5691.6630  0     11 # ArII from NIST
5700.9176  0   2200 # ThII from NIST
5707.1033  0   2900 # ThII from NIST
5712.5040  0      0 # ArI from NIST
5717.1710  0    330 # ThI from NIST
5719.6225  0   6300 # ThI from NIST
5720.1828  1  31000 # ThI from NIST
5724.4638  0    890 # ThI from NIST
5725.3884  0   5300 # ThI from NIST
5727.7103  0    340 # ThI from NIST
5732.9753  0    710 # ThII from NIST
5736.0296  0    640 # ThI from NIST
5738.3060  0    290 # ThII from NIST
5739.5200  1     10 # ArI from NIST
5741.8288  0   1700 # ThI from NIST
5748.7409  0   2900 # ThI from NIST
5753.0263  0   4400 # ThI from NIST
5760.5506  1  53000 # ThI from NIST
5763.5288  0   3700 # ThI from NIST
5768.1811  0   2100 # ThI from NIST
5772.1140  0      0 # ArI from NIST
5772.3230  0      9 # ArII from NIST
5773.9463  0   1500 # ThI from NIST
5783.5360  0      0 # ArI from NIST
5786.5558  0      4 # ArII from NIST
5789.6450  0   3400 # ThI from NIST
5792.4303  0   2700 # ThI from NIST
5796.0683  0   1600 # ThI from NIST
5797.3193  0    570 # ThI from NIST
5798.4778  0    450 # ThI from NIST
5800.8295  1   6000 # ThI from NIST
5802.0800  0      0 # ArI from NIST
5804.1411  1  18000 # ThI from NIST
5812.8587  0     41 # ThII from NIST
5812.9724  0   1200 # ThI from NIST
5815.4218  0   1200 # ThI from NIST
5828.0745  0      3 # ArII from NIST
5832.3705  0   1600 # ThI from NIST
5834.2630  1      5 # ArI from NIST
5840.6405  0    700 # ThI from NIST
5843.8063  0    590 # ThI from NIST
5845.9189  0    550 # ThI from NIST
5852.6809  0   2600 # ThI from NIST
5853.4745  0   1300 # ThI from NIST
5854.1205  0   2000 # ThI from NIST
5860.3100  1     10 # ArI from NIST
5863.7185  0   1400 # ThI from NIST
5882.6240  1     15 # ArI from NIST
5885.7015  0   5200 # ThI from NIST
5888.5840  1     25 # ArI from NIST
5890.0167  1     94 # ThI from NIST
5891.4510  0   3400 # ThI from NIST
5895.9248  0      0 # re-interpolated with R5-findarc
5899.8441  0    930 # ThI from NIST
5905.5707  0   2100 # ThI from NIST
5908.9255  0   1800 # ThI from NIST
5912.0850  1     50 # ArI from NIST
5914.6708  0   5600 # ThI from NIST
5916.5980  0      0 # ArI from NIST
5918.9446  0   1100 # ThI from NIST
5926.2320  0   3100 # ThI form NIST
5927.1250  0      0 # ArI from NIST
5928.8130  1     15 # ArI from NIST
5938.4568  0   2700 # ThI from NIST  too close to next one
5938.8251  0   6200 # ThI from NIST
